CPEN 431 EVALUATION test Client
Time: Fri Feb 23 17:00:23 PST 2024
Build Date: Thu Feb 22 16:08:57 PST 2024
Java process ID: 19332
Client Version: 1

[Info] A6 client running in TEST mode.

[Info] Starting A6 Tests

[Info] Skipping tests of local deployment since not running in submit mode.
[Info] You must have a local deployment of your KVS on 127.0.0.1 (localhost), port 43100 to run in submit mode!

[Info] Done building nodes' list.
[Info] The deployment has 2 server nodes.
[Test isAlive] for 127.0.0.1:13788
Sending WIPE-OUT to all servers...
[ ... Completed in 0.031 seconds ]
[OK]
Waiting for 5 seconds for the cache to be cleared!

[ TEST Basic PUT/GET (PUT -> GET). Value Length = 8 Bytes ]
TEST_PASSED

[ TEST Basic PUT/GET (PUT -> GET). Value Length = 32 Bytes ]
TEST_PASSED

[ TEST Basic PUT/GET (PUT -> GET). Value Length = 2048 Bytes ]
TEST_PASSED

[ TEST Basic PUT/GET (PUT -> GET). Value Length = 10000 Bytes ]
TEST_PASSED
Sending WIPE-OUT to all servers...
[ ... Completed in 0.033 seconds ]
[OK]
Waiting for 5 seconds for the cache to be cleared!


[ TEST Basic KVS with message version (PUT Version 1 -> GET -> PUT Version 2 -> GET). Value Length = 8 Bytes ]
TEST_PASSED


[ TEST Basic KVS with message version (PUT Version 1 -> GET -> PUT Version 2 -> GET). Value Length = 32 Bytes ]
TEST_PASSED


[ TEST Basic KVS with message version (PUT Version 1 -> GET -> PUT Version 2 -> GET). Value Length = 2048 Bytes ]
TEST_PASSED


[ TEST Basic KVS with message version (PUT Version 1 -> GET -> PUT Version 2 -> GET). Value Length = 10000 Bytes ]
TEST_PASSED
Sending WIPE-OUT to all servers...
[ ... Completed in 0.025 seconds ]
[OK]
Waiting for 5 seconds for the cache to be cleared!

[ TEST Basic REMOVE (PUT -> GET -> REM -> GET). Value Length = 32 Bytes. ]
TEST_PASSED
Sending WIPE-OUT to all servers...
[ ... Completed in 0.029 seconds ]
[OK]
Waiting for 5 seconds for the cache to be cleared!

[ TEST Double remove (PUT -> REM -> REM). Value Length = 32 Bytes. ]
TEST_PASSED
Sending WIPE-OUT to all servers...
[ ... Completed in 0.003 seconds ]
[OK]
Waiting for 5 seconds for the cache to be cleared!

[ TEST Invalid Command. ]
TEST_PASSED
Sending WIPE-OUT to all servers...
[ ... Completed in 0.017 seconds ]
[OK]
Waiting for 5 seconds for the cache to be cleared!

[ TEST At-Most-Once Client Policy (PUT -> REM -> REM). Value length =  32 Bytes ]
TEST_PASSED
Sending WIPE-OUT to all servers...
[ ... Completed in 0.018 seconds ]
[OK]
Waiting for 5 seconds for the cache to be cleared!

[ TEST At-Most-Once Client Policy Empty REMs (EMPTY -> REM -> REM) ]
TEST_PASSED
Sending WIPE-OUT to all servers...
[ ... Completed in 0.016 seconds ]
[OK]
Waiting for 5 seconds for the cache to be cleared!

[ TEST At-Most-Once Client Policy Error Return Code (REM -> PUT -> REM) ]
TEST_PASSED
Sending WIPE-OUT to all servers...
[ ... Completed in 0.022 seconds ]
[OK]
Waiting for 5 seconds for the cache to be cleared!

[ TEST At-Most-Once Client Policy (PUT -> REM -> many PUT -> REM). Value length =  32 Bytes ]
Pausing for 10 seconds to wait for the cache to be cleared!
TEST_PASSED

[ TEST At-Most-Once Client Policy For PUTs (PUT1 -> PUT2 -> PUT1 -> GET2) ]
TEST_PASSED
Sending WIPE-OUT to all servers...
[ ... Completed in 0.009 seconds ]
[OK]
Waiting for 5 seconds for the cache to be cleared!

[TEST Invalid Key ]
TEST_PASSED
Sending WIPE-OUT to all servers...
[ ... Completed in 0.003 seconds ]
[OK]
Waiting for 5 seconds for the cache to be cleared!

[TEST Invalid Value ]
TEST_PASSED
Sending WIPE-OUT to all servers...
[ ... Completed in 0.004 seconds ]
[OK]
Waiting for 5 seconds for the cache to be cleared!

[ TEST Single Front-End Performance (1 clients, 60.0 seconds): PUT -> GET (closed loop) ]
[Test isAlive] for 127.0.0.1:13788
[ ... Completed in 0.003 seconds ]
Single Front-End: Test Status: TEST_PASSED
Clients: 1
Total Requests (without replies): 152545
Total Requests (including replies): 152545
Successful Responses: 152545
Timeout Responses: 0
Total Failed Responses: 0
% Success: 100.0
% Timeout: 0.0
% Failed: 0.0
Response Time (Successful requests):
[max] 5ms, [min] 0ms
[avg] 0.2555704873971615 ms, [stdev] 0.4448276494724875ms
Throughput: 2542.374293761771 requests per second
Goodput: 2542.374293761771 requests per second
Retry Rate (Successful requests): 1.0
Sending WIPE-OUT to all servers...
[ ... Completed in 0.128 seconds ]
[OK]
Waiting for 5 seconds for the cache to be cleared!
[ ... TEST Completed in 65.371 seconds ]
[Info] Pausing for 6 seconds to wait for the cache to be cleared!

[ TEST Single Front-End Performance (2 clients, 60.0 seconds): PUT -> GET (closed loop) ]
[Test isAlive] for 127.0.0.1:13788
[ ... Completed in 0.002 seconds ]
Single Front-End: Test Status: TEST_PASSED
Clients: 2
Total Requests (without replies): 217954
Total Requests (including replies): 217966
Successful Responses: 217928
Timeout Responses: 3
Total Failed Responses: 23
% Success: 99.98807087734109
% Timeout: 0.0013764372298741936
% Failed: 0.010552685429035485
Response Time (Successful requests):
[max] 25ms, [min] 0ms
[avg] 0.3849987151719834 ms, [stdev] 0.5701248891497641ms
Throughput: 3632.506124897918 requests per second
Goodput: 3632.0727987866867 requests per second
Retry Rate (Successful requests): 1.0000550574891949
Sending WIPE-OUT to all servers...
[ ... Completed in 0.038 seconds ]
[OK]
Waiting for 5 seconds for the cache to be cleared!
[ ... TEST Completed in 65.353 seconds ]
[Info] Pausing for 6 seconds to wait for the cache to be cleared!

[ TEST Single Front-End Performance (8 clients, 60.0 seconds): PUT -> GET (closed loop) ]
[Test isAlive] for 127.0.0.1:13788
[ ... Completed in 0.047 seconds ]
Single Front-End: Test Status: TEST_PASSED
Clients: 8
Total Requests (without replies): 68022
Total Requests (including replies): 69692
Successful Responses: 66182
Timeout Responses: 115
Total Failed Responses: 1725
% Success: 97.29499279644821
% Timeout: 0.169062950221987
% Failed: 2.535944253329805
Response Time (Successful requests):
[max] 572ms, [min] 0ms
[avg] 4.527182617630172 ms, [stdev] 10.543007439515424ms
Throughput: 1130.3842063281043 requests per second
Goodput: 1099.8072321191173 requests per second
Retry Rate (Successful requests): 1.0245508805974537
Sending WIPE-OUT to all servers...
[ ... Completed in 0.045 seconds ]
[OK]
Waiting for 5 seconds for the cache to be cleared!
[ ... TEST Completed in 65.553 seconds ]
[Info] Pausing for 6 seconds to wait for the cache to be cleared!

[ TEST Single Front-End Performance (32 clients, 60.0 seconds): PUT -> GET (closed loop) ]
[Test isAlive] for 127.0.0.1:13788
[ ... Completed in 0.117 seconds ]
Single Front-End: Test Status: TEST_PASSED
Clients: 32
Total Requests (without replies): 21052
Total Requests (including replies): 37511
Successful Responses: 15887
Timeout Responses: 55
Total Failed Responses: 5110
% Success: 75.46551396541896
% Timeout: 0.26125783773513206
% Failed: 24.273228196845906
Response Time (Successful requests):
[max] 873ms, [min] 4ms
[avg] 72.12872159627368 ms, [stdev] 100.26447740157263ms
Throughput: 347.07773472920616 requests per second
Goodput: 261.92399637292885 requests per second
Retry Rate (Successful requests): 1.7818259547786433
Sending WIPE-OUT to all servers...
[ ... Completed in 0.069 seconds ]
[OK]
Waiting for 5 seconds for the cache to be cleared!
[ ... TEST Completed in 65.863 seconds ]
[Info] Pausing for 6 seconds to wait for the cache to be cleared!

[ TEST Single Front-End Performance (128 clients, 60.0 seconds): PUT -> GET (closed loop) ]
[Test isAlive] for 127.0.0.1:13788
[ ... Completed in 0.029 seconds ]
Single Front-End: Test Status: TEST_PASSED
Clients: 128
Total Requests (without replies): 127483
Total Requests (including replies): 191073
Successful Responses: 95858
Timeout Responses: 689
Total Failed Responses: 30936
% Success: 75.19277080081265
% Timeout: 0.5404642187585795
% Failed: 24.266764980428764
Response Time (Successful requests):
[max] 768ms, [min] 3ms
[avg] 45.516879133718625 ms, [stdev] 54.14536968313033ms
Throughput: 2100.179568705623 requests per second
Goodput: 1579.1832095023146 requests per second
Retry Rate (Successful requests): 1.4988116062533827
Sending WIPE-OUT to all servers...
[ ... Completed in 0.085 seconds ]
[OK]
Waiting for 5 seconds for the cache to be cleared!
[ ... TEST Completed in 65.875 seconds ]
[Info] Pausing for 6 seconds to wait for the cache to be cleared!

[ TEST Multi Client Crash: PUT -> GET (closed loop) + REM -> WIPEOUT (closed loop) ]
[Test isAlive]
Test Passed. Server is ok.
TEST_PASSED
[ ... TEST Completed in 86.081 seconds ]
Sending WIPE-OUT to all servers...
[ ... Completed in 0.078 seconds ]
[OK]
Waiting for 5 seconds for the cache to be cleared!

[ TEST Random Front-End Basic (PUT -> GET -> REM -> REM -> GET). Value Length = 8 Bytes ]
TEST_PASSED

[ TEST Random Front-End Basic (PUT -> GET -> REM -> REM -> GET). Value Length = 32 Bytes ]
TEST_PASSED

[ TEST Random Front-End Basic (PUT -> GET -> REM -> REM -> GET). Value Length = 2048 Bytes ]
TEST_PASSED

[ TEST Random Front-End Basic (PUT -> GET -> REM -> REM -> GET). Value Length = 10000 Bytes ]
REM1 failed!
TEST_FAILED
[Error] Failed in basic distributed tests. Potentially buggy implementation. Aborting!
Testing completed in 456.716s
